<?xml version="1.0" encoding="UTF-8"?>
<!-- Generated by org.testng.reporters.JUnitXMLReporter -->
<testsuite ignored="0" hostname="NALSMACK247sMBP.lan" failures="1" tests="3" name="Error Validations Test" time="15.618" errors="0" timestamp="2024-08-21T23:11:25 ICT">
  <testcase classname="phudn.test.ErrorValidationsTest" name="LoginErrorValidation" time="1.028">
    <skipped/>
  </testcase> <!-- LoginErrorValidation -->
  <testcase classname="phudn.test.ErrorValidationsTest" name="LoginErrorValidation" time="0.452">
    <failure type="java.lang.AssertionError" message="expected [Incorrect email or password.] but found [Incorrect email password.]">
      <![CDATA[java.lang.AssertionError: expected [Incorrect email or password.] but found [Incorrect email password.]
at phudn.test.ErrorValidationsTest.LoginErrorValidation(ErrorValidationsTest.java:28)
at java.base/java.util.ArrayList.forEach(ArrayList.java:1596)
at java.base/java.util.concurrent.FutureTask.run(FutureTask.java:317)
at java.base/java.util.concurrent.ThreadPoolExecutor.runWorker(ThreadPoolExecutor.java:1144)
at java.base/java.util.concurrent.ThreadPoolExecutor$Worker.run(ThreadPoolExecutor.java:642)
at java.base/java.lang.Thread.run(Thread.java:1583)
... Removed 21 stack frames]]>
    </failure>
  </testcase> <!-- LoginErrorValidation -->
  <testcase classname="phudn.test.ErrorValidationsTest" name="ProductErrorValidation" time="2.073"/>
</testsuite> <!-- Error Validations Test -->
